[2026-01-18T14:53:08.718+0000] {manager.py:487} INFO - Processing files using up to 2 processes at a time 
[2026-01-18T14:53:08.718+0000] {manager.py:488} INFO - Process each file at most once every 30 seconds
[2026-01-18T14:53:08.719+0000] {manager.py:489} INFO - Checking for new files in /opt/airflow/dags every 300 seconds
[2026-01-18T14:53:08.719+0000] {manager.py:755} INFO - Searching for files in /opt/airflow/dags
[2026-01-18T14:53:08.721+0000] {manager.py:758} INFO - There are 1 files in /opt/airflow/dags
[2026-01-18T14:53:08.941+0000] {manager.py:887} INFO - 
================================================================================
DAG File Processing Stats

File Path                                                    PID  Runtime      # DAGs    # Errors  Last Runtime    Last Run
---------------------------------------------------------  -----  ---------  --------  ----------  --------------  ----------
/opt/airflow/dags/forex__customer_transactions__hourly.py     33  0.05s             0           0
================================================================================
[2026-01-18T14:53:39.079+0000] {manager.py:887} INFO - 
================================================================================
DAG File Processing Stats

File Path                                                  PID    Runtime      # DAGs    # Errors  Last Runtime    Last Run
---------------------------------------------------------  -----  ---------  --------  ----------  --------------  -------------------
/opt/airflow/dags/forex__customer_transactions__hourly.py                           0           1  1.78s           2026-01-18T14:53:10
================================================================================
[2026-01-18T14:54:09.329+0000] {manager.py:887} INFO - 
================================================================================
DAG File Processing Stats

File Path                                                  PID    Runtime      # DAGs    # Errors  Last Runtime    Last Run
---------------------------------------------------------  -----  ---------  --------  ----------  --------------  -------------------
/opt/airflow/dags/forex__customer_transactions__hourly.py                           1           0  1.22s           2026-01-18T14:53:42
================================================================================
[2026-01-18T14:54:27.557+0000] {manager.py:469} INFO - Exiting gracefully upon receiving signal 15
[2026-01-18T14:55:21.005+0000] {manager.py:487} INFO - Processing files using up to 2 processes at a time 
[2026-01-18T14:55:21.012+0000] {manager.py:488} INFO - Process each file at most once every 30 seconds
[2026-01-18T14:55:21.012+0000] {manager.py:489} INFO - Checking for new files in /opt/airflow/dags every 300 seconds
[2026-01-18T14:55:21.013+0000] {manager.py:755} INFO - Searching for files in /opt/airflow/dags
[2026-01-18T14:55:21.014+0000] {manager.py:758} INFO - There are 1 files in /opt/airflow/dags
[2026-01-18T14:55:21.105+0000] {manager.py:887} INFO - 
================================================================================
DAG File Processing Stats

File Path                                                    PID  Runtime      # DAGs    # Errors  Last Runtime    Last Run
---------------------------------------------------------  -----  ---------  --------  ----------  --------------  ----------
/opt/airflow/dags/forex__customer_transactions__hourly.py     45  0.04s             0           0
================================================================================
[2026-01-18T14:55:51.281+0000] {manager.py:887} INFO - 
================================================================================
DAG File Processing Stats

File Path                                                  PID    Runtime      # DAGs    # Errors  Last Runtime    Last Run
---------------------------------------------------------  -----  ---------  --------  ----------  --------------  -------------------
/opt/airflow/dags/forex__customer_transactions__hourly.py                           1           0  0.60s           2026-01-18T14:55:21
================================================================================
[2026-01-18T14:56:21.529+0000] {manager.py:887} INFO - 
================================================================================
DAG File Processing Stats

File Path                                                  PID    Runtime      # DAGs    # Errors  Last Runtime    Last Run
---------------------------------------------------------  -----  ---------  --------  ----------  --------------  -------------------
/opt/airflow/dags/forex__customer_transactions__hourly.py                           1           0  0.52s           2026-01-18T14:55:52
================================================================================
[2026-01-18T14:56:51.758+0000] {manager.py:887} INFO - 
================================================================================
DAG File Processing Stats

File Path                                                  PID    Runtime      # DAGs    # Errors  Last Runtime    Last Run
---------------------------------------------------------  -----  ---------  --------  ----------  --------------  -------------------
/opt/airflow/dags/forex__customer_transactions__hourly.py                           1           0  0.50s           2026-01-18T14:56:23
================================================================================
[2026-01-18T14:57:21.912+0000] {manager.py:887} INFO - 
================================================================================
DAG File Processing Stats

File Path                                                  PID    Runtime      # DAGs    # Errors  Last Runtime    Last Run
---------------------------------------------------------  -----  ---------  --------  ----------  --------------  -------------------
/opt/airflow/dags/forex__customer_transactions__hourly.py                           1           0  0.50s           2026-01-18T14:56:53
================================================================================
[2026-01-18T14:57:52.124+0000] {manager.py:887} INFO - 
================================================================================
DAG File Processing Stats

File Path                                                  PID    Runtime      # DAGs    # Errors  Last Runtime    Last Run
---------------------------------------------------------  -----  ---------  --------  ----------  --------------  -------------------
/opt/airflow/dags/forex__customer_transactions__hourly.py                           1           0  0.50s           2026-01-18T14:57:24
================================================================================
[2026-01-18T14:58:22.309+0000] {manager.py:887} INFO - 
================================================================================
DAG File Processing Stats

File Path                                                  PID    Runtime      # DAGs    # Errors  Last Runtime    Last Run
---------------------------------------------------------  -----  ---------  --------  ----------  --------------  -------------------
/opt/airflow/dags/forex__customer_transactions__hourly.py                           1           0  0.50s           2026-01-18T14:57:55
================================================================================
[2026-01-18T14:58:52.510+0000] {manager.py:887} INFO - 
================================================================================
DAG File Processing Stats

File Path                                                  PID    Runtime      # DAGs    # Errors  Last Runtime    Last Run
---------------------------------------------------------  -----  ---------  --------  ----------  --------------  -------------------
/opt/airflow/dags/forex__customer_transactions__hourly.py                           1           0  0.47s           2026-01-18T14:58:25
================================================================================
[2026-01-18T14:59:22.679+0000] {manager.py:887} INFO - 
================================================================================
DAG File Processing Stats

File Path                                                  PID    Runtime      # DAGs    # Errors  Last Runtime    Last Run
---------------------------------------------------------  -----  ---------  --------  ----------  --------------  -------------------
/opt/airflow/dags/forex__customer_transactions__hourly.py                           1           0  0.52s           2026-01-18T14:58:56
================================================================================
[2026-01-18T14:59:53.428+0000] {manager.py:887} INFO - 
================================================================================
DAG File Processing Stats

File Path                                                  PID    Runtime      # DAGs    # Errors  Last Runtime    Last Run
---------------------------------------------------------  -----  ---------  --------  ----------  --------------  -------------------
/opt/airflow/dags/forex__customer_transactions__hourly.py                           1           0  0.51s           2026-01-18T14:59:27
================================================================================
[2026-01-18T15:00:21.102+0000] {manager.py:755} INFO - Searching for files in /opt/airflow/dags
[2026-01-18T15:00:21.104+0000] {manager.py:758} INFO - There are 1 files in /opt/airflow/dags
[2026-01-18T15:00:23.647+0000] {manager.py:887} INFO - 
================================================================================
DAG File Processing Stats

File Path                                                  PID    Runtime      # DAGs    # Errors  Last Runtime    Last Run
---------------------------------------------------------  -----  ---------  --------  ----------  --------------  -------------------
/opt/airflow/dags/forex__customer_transactions__hourly.py                           1           0  0.50s           2026-01-18T14:59:57
================================================================================
[2026-01-18T15:00:53.837+0000] {manager.py:887} INFO - 
================================================================================
DAG File Processing Stats

File Path                                                  PID    Runtime      # DAGs    # Errors  Last Runtime    Last Run
---------------------------------------------------------  -----  ---------  --------  ----------  --------------  -------------------
/opt/airflow/dags/forex__customer_transactions__hourly.py                           1           0  0.52s           2026-01-18T15:00:28
================================================================================
[2026-01-18T15:01:24.047+0000] {manager.py:887} INFO - 
================================================================================
DAG File Processing Stats

File Path                                                  PID    Runtime      # DAGs    # Errors  Last Runtime    Last Run
---------------------------------------------------------  -----  ---------  --------  ----------  --------------  -------------------
/opt/airflow/dags/forex__customer_transactions__hourly.py                           1           0  0.50s           2026-01-18T15:00:59
================================================================================
[2026-01-18T15:01:54.233+0000] {manager.py:887} INFO - 
================================================================================
DAG File Processing Stats

File Path                                                  PID    Runtime      # DAGs    # Errors  Last Runtime    Last Run
---------------------------------------------------------  -----  ---------  --------  ----------  --------------  -------------------
/opt/airflow/dags/forex__customer_transactions__hourly.py                           1           0  0.51s           2026-01-18T15:01:30
================================================================================
[2026-01-18T15:02:24.976+0000] {manager.py:887} INFO - 
================================================================================
DAG File Processing Stats

File Path                                                  PID    Runtime      # DAGs    # Errors  Last Runtime    Last Run
---------------------------------------------------------  -----  ---------  --------  ----------  --------------  -------------------
/opt/airflow/dags/forex__customer_transactions__hourly.py                           1           0  0.53s           2026-01-18T15:02:00
================================================================================
[2026-01-18T15:02:55.210+0000] {manager.py:887} INFO - 
================================================================================
DAG File Processing Stats

File Path                                                  PID    Runtime      # DAGs    # Errors  Last Runtime    Last Run
---------------------------------------------------------  -----  ---------  --------  ----------  --------------  -------------------
/opt/airflow/dags/forex__customer_transactions__hourly.py                           1           0  0.52s           2026-01-18T15:02:31
================================================================================
[2026-01-18T15:03:25.458+0000] {manager.py:887} INFO - 
================================================================================
DAG File Processing Stats

File Path                                                  PID    Runtime      # DAGs    # Errors  Last Runtime    Last Run
---------------------------------------------------------  -----  ---------  --------  ----------  --------------  -------------------
/opt/airflow/dags/forex__customer_transactions__hourly.py                           1           0  0.51s           2026-01-18T15:03:02
================================================================================
[2026-01-18T15:03:55.689+0000] {manager.py:887} INFO - 
================================================================================
DAG File Processing Stats

File Path                                                  PID    Runtime      # DAGs    # Errors  Last Runtime    Last Run
---------------------------------------------------------  -----  ---------  --------  ----------  --------------  -------------------
/opt/airflow/dags/forex__customer_transactions__hourly.py                           1           0  0.50s           2026-01-18T15:03:33
================================================================================
[2026-01-18T15:04:25.865+0000] {manager.py:887} INFO - 
================================================================================
DAG File Processing Stats

File Path                                                  PID    Runtime      # DAGs    # Errors  Last Runtime    Last Run
---------------------------------------------------------  -----  ---------  --------  ----------  --------------  -------------------
/opt/airflow/dags/forex__customer_transactions__hourly.py                           1           0  0.51s           2026-01-18T15:04:03
================================================================================
[2026-01-18T15:04:56.605+0000] {manager.py:887} INFO - 
================================================================================
DAG File Processing Stats

File Path                                                  PID    Runtime      # DAGs    # Errors  Last Runtime    Last Run
---------------------------------------------------------  -----  ---------  --------  ----------  --------------  -------------------
/opt/airflow/dags/forex__customer_transactions__hourly.py                           1           0  0.51s           2026-01-18T15:04:34
================================================================================
[2026-01-18T15:05:21.279+0000] {manager.py:755} INFO - Searching for files in /opt/airflow/dags
[2026-01-18T15:05:21.281+0000] {manager.py:758} INFO - There are 1 files in /opt/airflow/dags
[2026-01-18T15:05:26.844+0000] {manager.py:887} INFO - 
================================================================================
DAG File Processing Stats

File Path                                                  PID    Runtime      # DAGs    # Errors  Last Runtime    Last Run
---------------------------------------------------------  -----  ---------  --------  ----------  --------------  -------------------
/opt/airflow/dags/forex__customer_transactions__hourly.py                           1           0  0.50s           2026-01-18T15:05:05
================================================================================
[2026-01-18T15:05:57.035+0000] {manager.py:887} INFO - 
================================================================================
DAG File Processing Stats

File Path                                                  PID    Runtime      # DAGs    # Errors  Last Runtime    Last Run
---------------------------------------------------------  -----  ---------  --------  ----------  --------------  -------------------
/opt/airflow/dags/forex__customer_transactions__hourly.py                           1           0  0.52s           2026-01-18T15:05:35
================================================================================
[2026-01-18T15:06:27.779+0000] {manager.py:887} INFO - 
================================================================================
DAG File Processing Stats

File Path                                                  PID    Runtime      # DAGs    # Errors  Last Runtime    Last Run
---------------------------------------------------------  -----  ---------  --------  ----------  --------------  -------------------
/opt/airflow/dags/forex__customer_transactions__hourly.py                           1           0  0.51s           2026-01-18T15:06:06
================================================================================
[2026-01-18T15:06:58.018+0000] {manager.py:887} INFO - 
================================================================================
DAG File Processing Stats

File Path                                                  PID    Runtime      # DAGs    # Errors  Last Runtime    Last Run
---------------------------------------------------------  -----  ---------  --------  ----------  --------------  -------------------
/opt/airflow/dags/forex__customer_transactions__hourly.py                           1           0  0.50s           2026-01-18T15:06:37
================================================================================
[2026-01-18T15:07:28.189+0000] {manager.py:887} INFO - 
================================================================================
DAG File Processing Stats

File Path                                                  PID    Runtime      # DAGs    # Errors  Last Runtime    Last Run
---------------------------------------------------------  -----  ---------  --------  ----------  --------------  -------------------
/opt/airflow/dags/forex__customer_transactions__hourly.py                           1           0  0.50s           2026-01-18T15:07:08
================================================================================
[2026-01-18T15:07:58.933+0000] {manager.py:887} INFO - 
================================================================================
DAG File Processing Stats

File Path                                                  PID    Runtime      # DAGs    # Errors  Last Runtime    Last Run
---------------------------------------------------------  -----  ---------  --------  ----------  --------------  -------------------
/opt/airflow/dags/forex__customer_transactions__hourly.py                           1           0  0.51s           2026-01-18T15:07:38
================================================================================
[2026-01-18T15:08:29.164+0000] {manager.py:887} INFO - 
================================================================================
DAG File Processing Stats

File Path                                                  PID    Runtime      # DAGs    # Errors  Last Runtime    Last Run
---------------------------------------------------------  -----  ---------  --------  ----------  --------------  -------------------
/opt/airflow/dags/forex__customer_transactions__hourly.py                           1           0  0.52s           2026-01-18T15:08:09
================================================================================
[2026-01-18T15:08:59.394+0000] {manager.py:887} INFO - 
================================================================================
DAG File Processing Stats

File Path                                                  PID    Runtime      # DAGs    # Errors  Last Runtime    Last Run
---------------------------------------------------------  -----  ---------  --------  ----------  --------------  -------------------
/opt/airflow/dags/forex__customer_transactions__hourly.py                           1           0  0.57s           2026-01-18T15:08:40
================================================================================
[2026-01-18T15:09:29.630+0000] {manager.py:887} INFO - 
================================================================================
DAG File Processing Stats

File Path                                                  PID    Runtime      # DAGs    # Errors  Last Runtime    Last Run
---------------------------------------------------------  -----  ---------  --------  ----------  --------------  -------------------
/opt/airflow/dags/forex__customer_transactions__hourly.py                           1           0  0.53s           2026-01-18T15:09:11
================================================================================
[2026-01-18T15:09:59.855+0000] {manager.py:887} INFO - 
================================================================================
DAG File Processing Stats

File Path                                                  PID    Runtime      # DAGs    # Errors  Last Runtime    Last Run
---------------------------------------------------------  -----  ---------  --------  ----------  --------------  -------------------
/opt/airflow/dags/forex__customer_transactions__hourly.py                           1           0  0.52s           2026-01-18T15:09:41
================================================================================
[2026-01-18T15:10:21.515+0000] {manager.py:755} INFO - Searching for files in /opt/airflow/dags
[2026-01-18T15:10:21.517+0000] {manager.py:758} INFO - There are 1 files in /opt/airflow/dags
[2026-01-18T15:10:30.076+0000] {manager.py:887} INFO - 
================================================================================
DAG File Processing Stats

File Path                                                  PID    Runtime      # DAGs    # Errors  Last Runtime    Last Run
---------------------------------------------------------  -----  ---------  --------  ----------  --------------  -------------------
/opt/airflow/dags/forex__customer_transactions__hourly.py                           1           0  0.51s           2026-01-18T15:10:12
================================================================================
[2026-01-18T15:11:00.296+0000] {manager.py:887} INFO - 
================================================================================
DAG File Processing Stats

File Path                                                  PID    Runtime      # DAGs    # Errors  Last Runtime    Last Run
---------------------------------------------------------  -----  ---------  --------  ----------  --------------  -------------------
/opt/airflow/dags/forex__customer_transactions__hourly.py                           1           0  0.53s           2026-01-18T15:10:43
================================================================================
[2026-01-18T15:11:30.534+0000] {manager.py:887} INFO - 
================================================================================
DAG File Processing Stats

File Path                                                  PID    Runtime      # DAGs    # Errors  Last Runtime    Last Run
---------------------------------------------------------  -----  ---------  --------  ----------  --------------  -------------------
/opt/airflow/dags/forex__customer_transactions__hourly.py                           1           0  0.50s           2026-01-18T15:11:13
================================================================================
[2026-01-18T15:12:00.704+0000] {manager.py:887} INFO - 
================================================================================
DAG File Processing Stats

File Path                                                  PID    Runtime      # DAGs    # Errors  Last Runtime    Last Run
---------------------------------------------------------  -----  ---------  --------  ----------  --------------  -------------------
/opt/airflow/dags/forex__customer_transactions__hourly.py                           1           0  0.50s           2026-01-18T15:11:44
================================================================================
[2026-01-18T15:12:30.909+0000] {manager.py:887} INFO - 
================================================================================
DAG File Processing Stats

File Path                                                  PID    Runtime      # DAGs    # Errors  Last Runtime    Last Run
---------------------------------------------------------  -----  ---------  --------  ----------  --------------  -------------------
/opt/airflow/dags/forex__customer_transactions__hourly.py                           1           0  0.53s           2026-01-18T15:12:15
================================================================================
[2026-01-18T15:13:01.135+0000] {manager.py:887} INFO - 
================================================================================
DAG File Processing Stats

File Path                                                  PID    Runtime      # DAGs    # Errors  Last Runtime    Last Run
---------------------------------------------------------  -----  ---------  --------  ----------  --------------  -------------------
/opt/airflow/dags/forex__customer_transactions__hourly.py                           1           0  0.49s           2026-01-18T15:12:46
================================================================================
[2026-01-18T15:13:31.391+0000] {manager.py:887} INFO - 
================================================================================
DAG File Processing Stats

File Path                                                  PID    Runtime      # DAGs    # Errors  Last Runtime    Last Run
---------------------------------------------------------  -----  ---------  --------  ----------  --------------  -------------------
/opt/airflow/dags/forex__customer_transactions__hourly.py                           1           0  0.51s           2026-01-18T15:13:16
================================================================================
[2026-01-18T15:14:01.566+0000] {manager.py:887} INFO - 
================================================================================
DAG File Processing Stats

File Path                                                  PID    Runtime      # DAGs    # Errors  Last Runtime    Last Run
---------------------------------------------------------  -----  ---------  --------  ----------  --------------  -------------------
/opt/airflow/dags/forex__customer_transactions__hourly.py                           1           0  0.51s           2026-01-18T15:13:47
================================================================================
[2026-01-18T15:14:32.291+0000] {manager.py:887} INFO - 
================================================================================
DAG File Processing Stats

File Path                                                  PID    Runtime      # DAGs    # Errors  Last Runtime    Last Run
---------------------------------------------------------  -----  ---------  --------  ----------  --------------  -------------------
/opt/airflow/dags/forex__customer_transactions__hourly.py                           1           0  0.53s           2026-01-18T15:14:18
================================================================================
[2026-01-18T15:15:02.544+0000] {manager.py:887} INFO - 
================================================================================
DAG File Processing Stats

File Path                                                  PID    Runtime      # DAGs    # Errors  Last Runtime    Last Run
---------------------------------------------------------  -----  ---------  --------  ----------  --------------  -------------------
/opt/airflow/dags/forex__customer_transactions__hourly.py                           1           0  0.48s           2026-01-18T15:14:48
================================================================================
[2026-01-18T15:15:21.601+0000] {manager.py:755} INFO - Searching for files in /opt/airflow/dags
[2026-01-18T15:15:21.605+0000] {manager.py:758} INFO - There are 1 files in /opt/airflow/dags
[2026-01-18T15:15:32.689+0000] {manager.py:887} INFO - 
================================================================================
DAG File Processing Stats

File Path                                                  PID    Runtime      # DAGs    # Errors  Last Runtime    Last Run
---------------------------------------------------------  -----  ---------  --------  ----------  --------------  -------------------
/opt/airflow/dags/forex__customer_transactions__hourly.py                           1           0  0.49s           2026-01-18T15:15:19
================================================================================
[2026-01-18T15:16:02.897+0000] {manager.py:887} INFO - 
================================================================================
DAG File Processing Stats

File Path                                                  PID    Runtime      # DAGs    # Errors  Last Runtime    Last Run
---------------------------------------------------------  -----  ---------  --------  ----------  --------------  -------------------
/opt/airflow/dags/forex__customer_transactions__hourly.py                           1           0  0.48s           2026-01-18T15:15:50
================================================================================
[2026-01-18T15:16:33.054+0000] {manager.py:887} INFO - 
================================================================================
DAG File Processing Stats

File Path                                                  PID    Runtime      # DAGs    # Errors  Last Runtime    Last Run
---------------------------------------------------------  -----  ---------  --------  ----------  --------------  -------------------
/opt/airflow/dags/forex__customer_transactions__hourly.py                           1           0  0.50s           2026-01-18T15:16:20
================================================================================
[2026-01-18T15:17:03.265+0000] {manager.py:887} INFO - 
================================================================================
DAG File Processing Stats

File Path                                                  PID    Runtime      # DAGs    # Errors  Last Runtime    Last Run
---------------------------------------------------------  -----  ---------  --------  ----------  --------------  -------------------
/opt/airflow/dags/forex__customer_transactions__hourly.py                           1           0  0.50s           2026-01-18T15:16:51
================================================================================
[2026-01-18T15:17:33.439+0000] {manager.py:887} INFO - 
================================================================================
DAG File Processing Stats

File Path                                                  PID    Runtime      # DAGs    # Errors  Last Runtime    Last Run
---------------------------------------------------------  -----  ---------  --------  ----------  --------------  -------------------
/opt/airflow/dags/forex__customer_transactions__hourly.py                           1           0  0.49s           2026-01-18T15:17:22
================================================================================
[2026-01-18T15:18:03.642+0000] {manager.py:887} INFO - 
================================================================================
DAG File Processing Stats

File Path                                                  PID    Runtime      # DAGs    # Errors  Last Runtime    Last Run
---------------------------------------------------------  -----  ---------  --------  ----------  --------------  -------------------
/opt/airflow/dags/forex__customer_transactions__hourly.py                           1           0  0.50s           2026-01-18T15:17:53
================================================================================
[2026-01-18T15:18:33.822+0000] {manager.py:887} INFO - 
================================================================================
DAG File Processing Stats

File Path                                                  PID    Runtime      # DAGs    # Errors  Last Runtime    Last Run
---------------------------------------------------------  -----  ---------  --------  ----------  --------------  -------------------
/opt/airflow/dags/forex__customer_transactions__hourly.py                           1           0  0.50s           2026-01-18T15:18:23
================================================================================
[2026-01-18T15:19:04.033+0000] {manager.py:887} INFO - 
================================================================================
DAG File Processing Stats

File Path                                                  PID    Runtime      # DAGs    # Errors  Last Runtime    Last Run
---------------------------------------------------------  -----  ---------  --------  ----------  --------------  -------------------
/opt/airflow/dags/forex__customer_transactions__hourly.py                           1           0  0.50s           2026-01-18T15:18:54
================================================================================
[2026-01-18T15:19:34.211+0000] {manager.py:887} INFO - 
================================================================================
DAG File Processing Stats

File Path                                                  PID    Runtime      # DAGs    # Errors  Last Runtime    Last Run
---------------------------------------------------------  -----  ---------  --------  ----------  --------------  -------------------
/opt/airflow/dags/forex__customer_transactions__hourly.py                           1           0  0.49s           2026-01-18T15:19:25
================================================================================
[2026-01-18T15:20:04.420+0000] {manager.py:887} INFO - 
================================================================================
DAG File Processing Stats

File Path                                                  PID    Runtime      # DAGs    # Errors  Last Runtime    Last Run
---------------------------------------------------------  -----  ---------  --------  ----------  --------------  -------------------
/opt/airflow/dags/forex__customer_transactions__hourly.py                           1           0  0.50s           2026-01-18T15:19:55
================================================================================
[2026-01-18T15:20:22.020+0000] {manager.py:755} INFO - Searching for files in /opt/airflow/dags
[2026-01-18T15:20:22.022+0000] {manager.py:758} INFO - There are 1 files in /opt/airflow/dags
[2026-01-18T15:20:34.602+0000] {manager.py:887} INFO - 
================================================================================
DAG File Processing Stats

File Path                                                  PID    Runtime      # DAGs    # Errors  Last Runtime    Last Run
---------------------------------------------------------  -----  ---------  --------  ----------  --------------  -------------------
/opt/airflow/dags/forex__customer_transactions__hourly.py                           1           0  0.49s           2026-01-18T15:20:26
================================================================================
[2026-01-18T15:21:04.808+0000] {manager.py:887} INFO - 
================================================================================
DAG File Processing Stats

File Path                                                  PID    Runtime      # DAGs    # Errors  Last Runtime    Last Run
---------------------------------------------------------  -----  ---------  --------  ----------  --------------  -------------------
/opt/airflow/dags/forex__customer_transactions__hourly.py                           1           0  0.48s           2026-01-18T15:20:57
================================================================================
[2026-01-18T15:21:34.962+0000] {manager.py:887} INFO - 
================================================================================
DAG File Processing Stats

File Path                                                  PID    Runtime      # DAGs    # Errors  Last Runtime    Last Run
---------------------------------------------------------  -----  ---------  --------  ----------  --------------  -------------------
/opt/airflow/dags/forex__customer_transactions__hourly.py                           1           0  0.49s           2026-01-18T15:21:27
================================================================================
[2026-01-18T15:22:05.160+0000] {manager.py:887} INFO - 
================================================================================
DAG File Processing Stats

File Path                                                  PID    Runtime      # DAGs    # Errors  Last Runtime    Last Run
---------------------------------------------------------  -----  ---------  --------  ----------  --------------  -------------------
/opt/airflow/dags/forex__customer_transactions__hourly.py                           1           0  0.49s           2026-01-18T15:21:58
================================================================================
[2026-01-18T15:22:35.339+0000] {manager.py:887} INFO - 
================================================================================
DAG File Processing Stats

File Path                                                  PID    Runtime      # DAGs    # Errors  Last Runtime    Last Run
---------------------------------------------------------  -----  ---------  --------  ----------  --------------  -------------------
/opt/airflow/dags/forex__customer_transactions__hourly.py                           1           0  0.50s           2026-01-18T15:22:29
================================================================================
[2026-01-18T15:23:05.544+0000] {manager.py:887} INFO - 
================================================================================
DAG File Processing Stats

File Path                                                  PID    Runtime      # DAGs    # Errors  Last Runtime    Last Run
---------------------------------------------------------  -----  ---------  --------  ----------  --------------  -------------------
/opt/airflow/dags/forex__customer_transactions__hourly.py                           1           0  0.50s           2026-01-18T15:22:59
================================================================================
[2026-01-18T15:23:35.713+0000] {manager.py:887} INFO - 
================================================================================
DAG File Processing Stats

File Path                                                  PID    Runtime      # DAGs    # Errors  Last Runtime    Last Run
---------------------------------------------------------  -----  ---------  --------  ----------  --------------  -------------------
/opt/airflow/dags/forex__customer_transactions__hourly.py                           1           0  0.49s           2026-01-18T15:23:30
================================================================================
[2026-01-18T15:24:05.919+0000] {manager.py:887} INFO - 
================================================================================
DAG File Processing Stats

File Path                                                  PID    Runtime      # DAGs    # Errors  Last Runtime    Last Run
---------------------------------------------------------  -----  ---------  --------  ----------  --------------  -------------------
/opt/airflow/dags/forex__customer_transactions__hourly.py                           1           0  0.49s           2026-01-18T15:24:01
================================================================================
[2026-01-18T15:24:36.109+0000] {manager.py:887} INFO - 
================================================================================
DAG File Processing Stats

File Path                                                  PID    Runtime      # DAGs    # Errors  Last Runtime    Last Run
---------------------------------------------------------  -----  ---------  --------  ----------  --------------  -------------------
/opt/airflow/dags/forex__customer_transactions__hourly.py                           1           0  0.51s           2026-01-18T15:24:32
================================================================================
[2026-01-18T15:25:06.804+0000] {manager.py:887} INFO - 
================================================================================
DAG File Processing Stats

File Path                                                  PID    Runtime      # DAGs    # Errors  Last Runtime    Last Run
---------------------------------------------------------  -----  ---------  --------  ----------  --------------  -------------------
/opt/airflow/dags/forex__customer_transactions__hourly.py                           1           0  0.49s           2026-01-18T15:25:02
================================================================================
[2026-01-18T15:25:22.957+0000] {manager.py:755} INFO - Searching for files in /opt/airflow/dags
[2026-01-18T15:25:22.959+0000] {manager.py:758} INFO - There are 1 files in /opt/airflow/dags
[2026-01-18T15:25:37.110+0000] {manager.py:887} INFO - 
================================================================================
DAG File Processing Stats

File Path                                                  PID    Runtime      # DAGs    # Errors  Last Runtime    Last Run
---------------------------------------------------------  -----  ---------  --------  ----------  --------------  -------------------
/opt/airflow/dags/forex__customer_transactions__hourly.py                           1           0  0.50s           2026-01-18T15:25:33
================================================================================
[2026-01-18T15:26:07.299+0000] {manager.py:887} INFO - 
================================================================================
DAG File Processing Stats

File Path                                                  PID    Runtime      # DAGs    # Errors  Last Runtime    Last Run
---------------------------------------------------------  -----  ---------  --------  ----------  --------------  -------------------
/opt/airflow/dags/forex__customer_transactions__hourly.py                           1           0  0.52s           2026-01-18T15:26:04
================================================================================
[2026-01-18T15:26:38.002+0000] {manager.py:887} INFO - 
================================================================================
DAG File Processing Stats

File Path                                                  PID    Runtime      # DAGs    # Errors  Last Runtime    Last Run
---------------------------------------------------------  -----  ---------  --------  ----------  --------------  -------------------
/opt/airflow/dags/forex__customer_transactions__hourly.py                           1           0  0.51s           2026-01-18T15:26:34
================================================================================
[2026-01-18T15:27:08.281+0000] {manager.py:887} INFO - 
================================================================================
DAG File Processing Stats

File Path                                                  PID    Runtime      # DAGs    # Errors  Last Runtime    Last Run
---------------------------------------------------------  -----  ---------  --------  ----------  --------------  -------------------
/opt/airflow/dags/forex__customer_transactions__hourly.py                           1           0  0.49s           2026-01-18T15:27:05
================================================================================
[2026-01-18T15:27:38.435+0000] {manager.py:887} INFO - 
================================================================================
DAG File Processing Stats

File Path                                                  PID    Runtime      # DAGs    # Errors  Last Runtime    Last Run
---------------------------------------------------------  -----  ---------  --------  ----------  --------------  -------------------
/opt/airflow/dags/forex__customer_transactions__hourly.py                           1           0  0.50s           2026-01-18T15:27:36
================================================================================
[2026-01-18T15:28:08.645+0000] {manager.py:887} INFO - 
================================================================================
DAG File Processing Stats

File Path                                                  PID    Runtime      # DAGs    # Errors  Last Runtime    Last Run
---------------------------------------------------------  -----  ---------  --------  ----------  --------------  -------------------
/opt/airflow/dags/forex__customer_transactions__hourly.py                           1           0  0.50s           2026-01-18T15:28:07
================================================================================
[2026-01-18T15:28:38.795+0000] {manager.py:887} INFO - 
================================================================================
DAG File Processing Stats

File Path                                                  PID    Runtime      # DAGs    # Errors  Last Runtime    Last Run
---------------------------------------------------------  -----  ---------  --------  ----------  --------------  -------------------
/opt/airflow/dags/forex__customer_transactions__hourly.py                           1           0  0.48s           2026-01-18T15:28:37
================================================================================
[2026-01-18T15:29:09.002+0000] {manager.py:887} INFO - 
================================================================================
DAG File Processing Stats

File Path                                                  PID    Runtime      # DAGs    # Errors  Last Runtime    Last Run
---------------------------------------------------------  -----  ---------  --------  ----------  --------------  -------------------
/opt/airflow/dags/forex__customer_transactions__hourly.py                           1           0  0.49s           2026-01-18T15:29:08
================================================================================
[2026-01-18T15:29:39.178+0000] {manager.py:887} INFO - 
================================================================================
DAG File Processing Stats

File Path                                                  PID    Runtime      # DAGs    # Errors  Last Runtime    Last Run
---------------------------------------------------------  -----  ---------  --------  ----------  --------------  -------------------
/opt/airflow/dags/forex__customer_transactions__hourly.py                           1           0  0.50s           2026-01-18T15:29:39
================================================================================
[2026-01-18T15:30:09.388+0000] {manager.py:887} INFO - 
================================================================================
DAG File Processing Stats

File Path                                                    PID  Runtime      # DAGs    # Errors  Last Runtime    Last Run
---------------------------------------------------------  -----  ---------  --------  ----------  --------------  -------------------
/opt/airflow/dags/forex__customer_transactions__hourly.py    181  0.01s             1           0  0.50s           2026-01-18T15:29:39
================================================================================
[2026-01-18T15:30:23.479+0000] {manager.py:755} INFO - Searching for files in /opt/airflow/dags
[2026-01-18T15:30:23.481+0000] {manager.py:758} INFO - There are 1 files in /opt/airflow/dags
[2026-01-18T15:30:39.596+0000] {manager.py:887} INFO - 
================================================================================
DAG File Processing Stats

File Path                                                  PID    Runtime      # DAGs    # Errors  Last Runtime    Last Run
---------------------------------------------------------  -----  ---------  --------  ----------  --------------  -------------------
/opt/airflow/dags/forex__customer_transactions__hourly.py                           1           0  0.49s           2026-01-18T15:30:09
================================================================================
[2026-01-18T15:31:09.851+0000] {manager.py:887} INFO - 
================================================================================
DAG File Processing Stats

File Path                                                  PID    Runtime      # DAGs    # Errors  Last Runtime    Last Run
---------------------------------------------------------  -----  ---------  --------  ----------  --------------  -------------------
/opt/airflow/dags/forex__customer_transactions__hourly.py                           1           0  0.55s           2026-01-18T15:30:40
================================================================================
[2026-01-18T15:31:40.068+0000] {manager.py:887} INFO - 
================================================================================
DAG File Processing Stats

File Path                                                  PID    Runtime      # DAGs    # Errors  Last Runtime    Last Run
---------------------------------------------------------  -----  ---------  --------  ----------  --------------  -------------------
/opt/airflow/dags/forex__customer_transactions__hourly.py                           1           0  0.55s           2026-01-18T15:31:11
================================================================================
[2026-01-18T15:32:10.329+0000] {manager.py:887} INFO - 
================================================================================
DAG File Processing Stats

File Path                                                  PID    Runtime      # DAGs    # Errors  Last Runtime    Last Run
---------------------------------------------------------  -----  ---------  --------  ----------  --------------  -------------------
/opt/airflow/dags/forex__customer_transactions__hourly.py                           1           0  0.53s           2026-01-18T15:31:42
================================================================================
[2026-01-18T15:32:40.552+0000] {manager.py:887} INFO - 
================================================================================
DAG File Processing Stats

File Path                                                  PID    Runtime      # DAGs    # Errors  Last Runtime    Last Run
---------------------------------------------------------  -----  ---------  --------  ----------  --------------  -------------------
/opt/airflow/dags/forex__customer_transactions__hourly.py                           1           0  0.51s           2026-01-18T15:32:12
================================================================================
[2026-01-18T15:33:10.721+0000] {manager.py:887} INFO - 
================================================================================
DAG File Processing Stats

File Path                                                  PID    Runtime      # DAGs    # Errors  Last Runtime    Last Run
---------------------------------------------------------  -----  ---------  --------  ----------  --------------  -------------------
/opt/airflow/dags/forex__customer_transactions__hourly.py                           1           0  0.50s           2026-01-18T15:32:43
================================================================================
[2026-01-18T15:33:40.927+0000] {manager.py:887} INFO - 
================================================================================
DAG File Processing Stats

File Path                                                  PID    Runtime      # DAGs    # Errors  Last Runtime    Last Run
---------------------------------------------------------  -----  ---------  --------  ----------  --------------  -------------------
/opt/airflow/dags/forex__customer_transactions__hourly.py                           1           0  0.50s           2026-01-18T15:33:14
================================================================================
[2026-01-18T15:34:11.082+0000] {manager.py:887} INFO - 
================================================================================
DAG File Processing Stats

File Path                                                  PID    Runtime      # DAGs    # Errors  Last Runtime    Last Run
---------------------------------------------------------  -----  ---------  --------  ----------  --------------  -------------------
/opt/airflow/dags/forex__customer_transactions__hourly.py                           1           0  0.49s           2026-01-18T15:33:44
================================================================================
[2026-01-18T15:34:41.285+0000] {manager.py:887} INFO - 
================================================================================
DAG File Processing Stats

File Path                                                  PID    Runtime      # DAGs    # Errors  Last Runtime    Last Run
---------------------------------------------------------  -----  ---------  --------  ----------  --------------  -------------------
/opt/airflow/dags/forex__customer_transactions__hourly.py                           1           0  0.53s           2026-01-18T15:34:15
================================================================================
[2026-01-18T15:35:07.656+0000] {manager.py:469} INFO - Exiting gracefully upon receiving signal 15
[2026-01-19T00:44:22.318+0000] {manager.py:487} INFO - Processing files using up to 2 processes at a time 
[2026-01-19T00:44:22.319+0000] {manager.py:488} INFO - Process each file at most once every 30 seconds
[2026-01-19T00:44:22.319+0000] {manager.py:489} INFO - Checking for new files in /opt/airflow/dags every 300 seconds
[2026-01-19T00:44:22.319+0000] {manager.py:755} INFO - Searching for files in /opt/airflow/dags
[2026-01-19T00:44:22.322+0000] {manager.py:758} INFO - There are 1 files in /opt/airflow/dags
[2026-01-19T00:44:22.447+0000] {manager.py:887} INFO - 
================================================================================
DAG File Processing Stats

File Path                                                    PID  Runtime      # DAGs    # Errors  Last Runtime    Last Run
---------------------------------------------------------  -----  ---------  --------  ----------  --------------  ----------
/opt/airflow/dags/forex__customer_transactions__hourly.py     48  0.04s             0           0
================================================================================
[2026-01-19T00:44:52.639+0000] {manager.py:887} INFO - 
================================================================================
DAG File Processing Stats

File Path                                                  PID    Runtime      # DAGs    # Errors  Last Runtime    Last Run
---------------------------------------------------------  -----  ---------  --------  ----------  --------------  -------------------
/opt/airflow/dags/forex__customer_transactions__hourly.py                           0           1  0.50s           2026-01-19T00:44:22
================================================================================
[2026-01-19T00:45:22.836+0000] {manager.py:887} INFO - 
================================================================================
DAG File Processing Stats

File Path                                                  PID    Runtime      # DAGs    # Errors  Last Runtime    Last Run
---------------------------------------------------------  -----  ---------  --------  ----------  --------------  -------------------
/opt/airflow/dags/forex__customer_transactions__hourly.py                           1           0  0.99s           2026-01-19T00:44:54
================================================================================
[2026-01-19T00:45:53.096+0000] {manager.py:887} INFO - 
================================================================================
DAG File Processing Stats

File Path                                                  PID    Runtime      # DAGs    # Errors  Last Runtime    Last Run
---------------------------------------------------------  -----  ---------  --------  ----------  --------------  -------------------
/opt/airflow/dags/forex__customer_transactions__hourly.py                           1           0  0.68s           2026-01-19T00:45:24
================================================================================
